Found credentials in environment variables.
HTTP Request: POST http://test/api/users "HTTP/1.1 201 Created"
HTTP Request: POST http://test/api/users/token "HTTP/1.1 200 OK"
HTTP Request: POST http://test/api/blogs/generate "HTTP/1.1 201 Created"
Found credentials in environment variables.
HTTP Request: POST http://test/api/blogs/generate "HTTP/1.1 401 Unauthorized"
Found credentials in environment variables.
HTTP Request: POST http://test/api/users "HTTP/1.1 201 Created"
HTTP Request: POST http://test/api/users/token "HTTP/1.1 200 OK"
HTTP Request: POST http://test/api/blogs/generate "HTTP/1.1 201 Created"
HTTP Request: POST http://test/api/blogs/00dff2ca-45f9-470d-9a73-4298ad7e8a66/publish "HTTP/1.1 200 OK"
Found credentials in environment variables.
HTTP Request: POST http://test/api/users "HTTP/1.1 201 Created"
HTTP Request: POST http://test/api/users/token "HTTP/1.1 200 OK"
HTTP Request: POST http://test/api/blogs/generate "HTTP/1.1 201 Created"
HTTP Request: POST http://test/api/users "HTTP/1.1 201 Created"
HTTP Request: POST http://test/api/users/token "HTTP/1.1 200 OK"
HTTP Request: POST http://test/api/blogs/fad701ce-b833-4c91-b732-9bc2a5e6cb2b/publish "HTTP/1.1 403 Forbidden"
Found credentials in environment variables.
HTTP Request: POST http://test/api/users "HTTP/1.1 201 Created"
HTTP Request: POST http://test/api/users/token "HTTP/1.1 200 OK"
HTTP Request: POST http://test/api/blogs/generate "HTTP/1.1 201 Created"
HTTP Request: PUT http://test/api/blogs/3779ec46-8935-4d3b-97af-45b883cbebab "HTTP/1.1 200 OK"
Found credentials in environment variables.
HTTP Request: POST http://test/api/users "HTTP/1.1 201 Created"
HTTP Request: POST http://test/api/users/token "HTTP/1.1 200 OK"
HTTP Request: POST http://test/api/blogs/generate "HTTP/1.1 201 Created"
HTTP Request: POST http://test/api/users "HTTP/1.1 201 Created"
HTTP Request: POST http://test/api/users/token "HTTP/1.1 200 OK"
HTTP Request: PUT http://test/api/blogs/96b086ae-4db3-4f6b-a21c-7d8dc5a93e0f "HTTP/1.1 403 Forbidden"
Found credentials in environment variables.
HTTP Request: POST http://test/api/users "HTTP/1.1 201 Created"
HTTP Request: POST http://test/api/users/token "HTTP/1.1 200 OK"
HTTP Request: POST http://test/api/blogs/generate "HTTP/1.1 201 Created"
HTTP Request: DELETE http://test/api/blogs/005938be-8d5b-4ed5-a361-7d2ea6012834 "HTTP/1.1 204 No Content"
Found credentials in environment variables.
HTTP Request: POST http://test/api/users "HTTP/1.1 201 Created"
HTTP Request: POST http://test/api/users/token "HTTP/1.1 200 OK"
HTTP Request: POST http://test/api/blogs/generate "HTTP/1.1 201 Created"
HTTP Request: POST http://test/api/blogs/generate "HTTP/1.1 201 Created"
HTTP Request: POST http://test/api/blogs/generate "HTTP/1.1 201 Created"
HTTP Request: GET http://test/api/blogs "HTTP/1.1 200 OK"
Found credentials in environment variables.
HTTP Request: POST http://test/api/users "HTTP/1.1 201 Created"
HTTP Request: POST http://test/api/users/token "HTTP/1.1 200 OK"
HTTP Request: POST http://test/api/blogs/generate "HTTP/1.1 201 Created"
HTTP Request: POST http://test/api/blogs/9866f11b-9029-4c4b-9289-e0853ba2a517/publish "HTTP/1.1 200 OK"
HTTP Request: GET http://test/api/blogs/published "HTTP/1.1 200 OK"
Found credentials in environment variables.
HTTP Request: POST http://test/api/users "HTTP/1.1 201 Created"
HTTP Request: POST http://test/api/users/token "HTTP/1.1 200 OK"
HTTP Request: POST http://test/api/blogs/generate "HTTP/1.1 201 Created"
HTTP Request: POST http://test/api/blogs/621b9e5a-ff17-42e6-9758-89ebf7886e83/like "HTTP/1.1 200 OK"
HTTP Request: POST http://test/api/blogs/621b9e5a-ff17-42e6-9758-89ebf7886e83/like "HTTP/1.1 200 OK"
