Found credentials in environment variables.
HTTP Request: POST http://test/api/users "HTTP/1.1 201 Created"
HTTP Request: POST http://test/api/users/token "HTTP/1.1 200 OK"
HTTP Request: POST http://test/api/blogs/generate "HTTP/1.1 500 Internal Server Error"
Found credentials in environment variables.
HTTP Request: POST http://test/api/blogs/generate "HTTP/1.1 401 Unauthorized"
Found credentials in environment variables.
HTTP Request: POST http://test/api/users "HTTP/1.1 201 Created"
HTTP Request: POST http://test/api/users/token "HTTP/1.1 200 OK"
HTTP Request: POST http://test/api/blogs/generate "HTTP/1.1 500 Internal Server Error"
Found credentials in environment variables.
HTTP Request: POST http://test/api/users "HTTP/1.1 201 Created"
HTTP Request: POST http://test/api/users/token "HTTP/1.1 200 OK"
HTTP Request: POST http://test/api/blogs/generate "HTTP/1.1 500 Internal Server Error"
Found credentials in environment variables.
HTTP Request: POST http://test/api/users "HTTP/1.1 201 Created"
HTTP Request: POST http://test/api/users/token "HTTP/1.1 200 OK"
HTTP Request: POST http://test/api/blogs/generate "HTTP/1.1 500 Internal Server Error"
Found credentials in environment variables.
HTTP Request: POST http://test/api/users "HTTP/1.1 201 Created"
HTTP Request: POST http://test/api/users/token "HTTP/1.1 200 OK"
HTTP Request: POST http://test/api/blogs/generate "HTTP/1.1 500 Internal Server Error"
Found credentials in environment variables.
HTTP Request: POST http://test/api/users "HTTP/1.1 201 Created"
HTTP Request: POST http://test/api/users/token "HTTP/1.1 200 OK"
HTTP Request: POST http://test/api/blogs/generate "HTTP/1.1 500 Internal Server Error"
Found credentials in environment variables.
HTTP Request: POST http://test/api/users "HTTP/1.1 201 Created"
HTTP Request: POST http://test/api/users/token "HTTP/1.1 200 OK"
HTTP Request: POST http://test/api/blogs/generate "HTTP/1.1 500 Internal Server Error"
Found credentials in environment variables.
HTTP Request: POST http://test/api/users "HTTP/1.1 201 Created"
HTTP Request: POST http://test/api/users/token "HTTP/1.1 200 OK"
HTTP Request: POST http://test/api/blogs/generate "HTTP/1.1 500 Internal Server Error"
Found credentials in environment variables.
HTTP Request: POST http://test/api/users "HTTP/1.1 201 Created"
HTTP Request: POST http://test/api/users/token "HTTP/1.1 200 OK"
HTTP Request: POST http://test/api/blogs/generate "HTTP/1.1 500 Internal Server Error"
Found credentials in environment variables.
HTTP Request: POST http://test/api/users "HTTP/1.1 422 Unprocessable Entity"
Found credentials in environment variables.
HTTP Request: POST http://test/api/users "HTTP/1.1 201 Created"
HTTP Request: POST http://test/api/users "HTTP/1.1 400 Bad Request"
Found credentials in environment variables.
HTTP Request: POST http://test/api/users "HTTP/1.1 201 Created"
Found credentials in environment variables.
HTTP Request: POST http://test/api/users "HTTP/1.1 201 Created"
HTTP Request: POST http://test/api/users/token "HTTP/1.1 200 OK"
HTTP Request: PATCH http://test/api/users/13/picture "HTTP/1.1 500 Internal Server Error"
Found credentials in environment variables.
HTTP Request: POST http://test/api/users "HTTP/1.1 201 Created"
HTTP Request: POST http://test/api/users/forgot-password "HTTP/1.1 202 Accepted"
