Found credentials in environment variables.
HTTP Request: GET http://test/api/blogs "HTTP/1.1 401 Unauthorized"
Found credentials in environment variables.
HTTP Request: GET http://test/api/blogs/999 "HTTP/1.1 405 Method Not Allowed"
Found credentials in environment variables.
HTTP Request: POST http://test/api/users "HTTP/1.1 201 Created"
HTTP Request: POST http://test/api/users/token "HTTP/1.1 200 OK"
HTTP Request: POST http://test/api/blogs "HTTP/1.1 405 Method Not Allowed"
Found credentials in environment variables.
HTTP Request: POST http://test/api/posts "HTTP/1.1 401 Unauthorized"
Found credentials in environment variables.
HTTP Request: POST http://test/api/users "HTTP/1.1 201 Created"
HTTP Request: POST http://test/api/users/token "HTTP/1.1 200 OK"
HTTP Request: POST http://test/api/blogs "HTTP/1.1 405 Method Not Allowed"
Found credentials in environment variables.
HTTP Request: POST http://test/api/users "HTTP/1.1 201 Created"
HTTP Request: POST http://test/api/users/token "HTTP/1.1 200 OK"
HTTP Request: POST http://test/api/blogs "HTTP/1.1 405 Method Not Allowed"
Found credentials in environment variables.
HTTP Request: POST http://test/api/users "HTTP/1.1 201 Created"
HTTP Request: POST http://test/api/users/token "HTTP/1.1 200 OK"
HTTP Request: POST http://test/api/blogs "HTTP/1.1 405 Method Not Allowed"
