Found credentials in environment variables.
HTTP Request: POST http://test/api/users "HTTP/1.1 201 Created"
HTTP Request: POST http://test/api/users/token "HTTP/1.1 200 OK"
HTTP Request: POST http://test/api/blogs/generate "HTTP/1.1 201 Created"
Found credentials in environment variables.
HTTP Request: POST http://test/api/blogs/generate "HTTP/1.1 401 Unauthorized"
Found credentials in environment variables.
HTTP Request: POST http://test/api/users "HTTP/1.1 201 Created"
HTTP Request: POST http://test/api/users/token "HTTP/1.1 200 OK"
HTTP Request: POST http://test/api/blogs/generate "HTTP/1.1 201 Created"
HTTP Request: POST http://test/api/blogs/3095eca9-0e4f-49a7-8043-261ca65b26fb/publish "HTTP/1.1 200 OK"
Found credentials in environment variables.
HTTP Request: POST http://test/api/users "HTTP/1.1 201 Created"
HTTP Request: POST http://test/api/users/token "HTTP/1.1 200 OK"
HTTP Request: POST http://test/api/blogs/generate "HTTP/1.1 201 Created"
HTTP Request: POST http://test/api/users "HTTP/1.1 201 Created"
HTTP Request: POST http://test/api/users/token "HTTP/1.1 200 OK"
HTTP Request: POST http://test/api/blogs/d772883d-fa09-41e0-9ff4-9c5d28c6bb83/publish "HTTP/1.1 403 Forbidden"
Found credentials in environment variables.
HTTP Request: POST http://test/api/users "HTTP/1.1 201 Created"
HTTP Request: POST http://test/api/users/token "HTTP/1.1 200 OK"
HTTP Request: POST http://test/api/blogs/generate "HTTP/1.1 201 Created"
HTTP Request: PUT http://test/api/blogs/40b4f8b4-7a12-4962-9a40-e71bc26c9e8e "HTTP/1.1 200 OK"
Found credentials in environment variables.
HTTP Request: POST http://test/api/users "HTTP/1.1 201 Created"
HTTP Request: POST http://test/api/users/token "HTTP/1.1 200 OK"
HTTP Request: POST http://test/api/blogs/generate "HTTP/1.1 201 Created"
HTTP Request: POST http://test/api/users "HTTP/1.1 201 Created"
HTTP Request: POST http://test/api/users/token "HTTP/1.1 200 OK"
HTTP Request: PUT http://test/api/blogs/4b9720c5-79d2-4ea6-8c28-a5664ace9849 "HTTP/1.1 403 Forbidden"
Found credentials in environment variables.
HTTP Request: POST http://test/api/users "HTTP/1.1 201 Created"
HTTP Request: POST http://test/api/users/token "HTTP/1.1 200 OK"
HTTP Request: POST http://test/api/blogs/generate "HTTP/1.1 201 Created"
HTTP Request: DELETE http://test/api/blogs/307349b4-3913-45b4-90f8-ce27e21c9958 "HTTP/1.1 204 No Content"
Found credentials in environment variables.
HTTP Request: POST http://test/api/users "HTTP/1.1 201 Created"
HTTP Request: POST http://test/api/users/token "HTTP/1.1 200 OK"
HTTP Request: POST http://test/api/blogs/generate "HTTP/1.1 201 Created"
HTTP Request: POST http://test/api/blogs/generate "HTTP/1.1 201 Created"
HTTP Request: POST http://test/api/blogs/generate "HTTP/1.1 201 Created"
HTTP Request: GET http://test/api/blogs "HTTP/1.1 200 OK"
Found credentials in environment variables.
HTTP Request: POST http://test/api/users "HTTP/1.1 201 Created"
HTTP Request: POST http://test/api/users/token "HTTP/1.1 200 OK"
HTTP Request: POST http://test/api/blogs/generate "HTTP/1.1 201 Created"
HTTP Request: POST http://test/api/blogs/f2e066e6-e2c7-45af-ad3e-af9c7ba097cc/publish "HTTP/1.1 200 OK"
HTTP Request: GET http://test/api/blogs/published "HTTP/1.1 200 OK"
Found credentials in environment variables.
HTTP Request: POST http://test/api/users "HTTP/1.1 201 Created"
HTTP Request: POST http://test/api/users/token "HTTP/1.1 200 OK"
HTTP Request: POST http://test/api/blogs/generate "HTTP/1.1 201 Created"
HTTP Request: POST http://test/api/blogs/1183d495-2b7a-436b-ac11-b4ff7730d3e1/like "HTTP/1.1 200 OK"
HTTP Request: POST http://test/api/blogs/1183d495-2b7a-436b-ac11-b4ff7730d3e1/like "HTTP/1.1 200 OK"
