Found credentials in environment variables.
HTTP Request: POST http://test/api/users "HTTP/1.1 201 Created"
HTTP Request: POST http://test/api/users/token "HTTP/1.1 200 OK"
HTTP Request: POST http://test/api/blogs/generate "HTTP/1.1 201 Created"
Found credentials in environment variables.
HTTP Request: POST http://test/api/blogs/generate "HTTP/1.1 401 Unauthorized"
Found credentials in environment variables.
HTTP Request: POST http://test/api/users "HTTP/1.1 201 Created"
HTTP Request: POST http://test/api/users/token "HTTP/1.1 200 OK"
HTTP Request: POST http://test/api/blogs/generate "HTTP/1.1 201 Created"
HTTP Request: POST http://test/api/blogs/0cef86de-046b-4c8b-a8f5-45c632685786/publish "HTTP/1.1 200 OK"
Found credentials in environment variables.
HTTP Request: POST http://test/api/users "HTTP/1.1 201 Created"
HTTP Request: POST http://test/api/users/token "HTTP/1.1 200 OK"
HTTP Request: POST http://test/api/blogs/generate "HTTP/1.1 201 Created"
HTTP Request: POST http://test/api/users "HTTP/1.1 201 Created"
HTTP Request: POST http://test/api/users/token "HTTP/1.1 200 OK"
HTTP Request: POST http://test/api/blogs/d7856cf6-0eac-4de0-8ea9-c94357c3ae0f/publish "HTTP/1.1 403 Forbidden"
Found credentials in environment variables.
HTTP Request: POST http://test/api/users "HTTP/1.1 201 Created"
HTTP Request: POST http://test/api/users/token "HTTP/1.1 200 OK"
HTTP Request: POST http://test/api/blogs/generate "HTTP/1.1 201 Created"
HTTP Request: PUT http://test/api/blogs/88de6d5f-fefa-457f-b586-72fbf2e68eb8 "HTTP/1.1 200 OK"
Found credentials in environment variables.
HTTP Request: POST http://test/api/users "HTTP/1.1 201 Created"
HTTP Request: POST http://test/api/users/token "HTTP/1.1 200 OK"
HTTP Request: POST http://test/api/blogs/generate "HTTP/1.1 201 Created"
HTTP Request: POST http://test/api/users "HTTP/1.1 201 Created"
HTTP Request: POST http://test/api/users/token "HTTP/1.1 200 OK"
HTTP Request: PUT http://test/api/blogs/3a6f05cf-6663-4e86-bfd1-8f16a91e6a13 "HTTP/1.1 403 Forbidden"
Found credentials in environment variables.
HTTP Request: POST http://test/api/users "HTTP/1.1 201 Created"
HTTP Request: POST http://test/api/users/token "HTTP/1.1 200 OK"
HTTP Request: POST http://test/api/blogs/generate "HTTP/1.1 201 Created"
HTTP Request: DELETE http://test/api/blogs/f491a5cc-3e75-4e77-9016-d766c77af263 "HTTP/1.1 204 No Content"
Found credentials in environment variables.
HTTP Request: POST http://test/api/users "HTTP/1.1 201 Created"
HTTP Request: POST http://test/api/users/token "HTTP/1.1 200 OK"
HTTP Request: POST http://test/api/blogs/generate "HTTP/1.1 201 Created"
HTTP Request: POST http://test/api/blogs/generate "HTTP/1.1 201 Created"
HTTP Request: POST http://test/api/blogs/generate "HTTP/1.1 201 Created"
HTTP Request: GET http://test/api/blogs "HTTP/1.1 200 OK"
Found credentials in environment variables.
HTTP Request: POST http://test/api/users "HTTP/1.1 201 Created"
HTTP Request: POST http://test/api/users/token "HTTP/1.1 200 OK"
HTTP Request: POST http://test/api/blogs/generate "HTTP/1.1 201 Created"
HTTP Request: POST http://test/api/blogs/1046c3b8-3bd6-40a0-b970-3a79fc2d22dd/publish "HTTP/1.1 200 OK"
HTTP Request: GET http://test/api/blogs/published "HTTP/1.1 200 OK"
Found credentials in environment variables.
HTTP Request: POST http://test/api/users "HTTP/1.1 201 Created"
HTTP Request: POST http://test/api/users/token "HTTP/1.1 200 OK"
HTTP Request: POST http://test/api/blogs/generate "HTTP/1.1 201 Created"
HTTP Request: POST http://test/api/blogs/bc12d32e-2e46-4ac7-be92-238dcd916e7e/like "HTTP/1.1 200 OK"
HTTP Request: POST http://test/api/blogs/bc12d32e-2e46-4ac7-be92-238dcd916e7e/like "HTTP/1.1 200 OK"
